make all --print-data-base --no-builtin-variables --no-builtin-rules --question
# GNU Make 4.3
# Built for aarch64-alpine-linux-musl
# Copyright (C) 1988-2020 Free Software Foundation, Inc.
# License GPLv3+: GNU GPL version 3 or later <http://gnu.org/licenses/gpl.html>
# This is free software: you are free to change and redistribute it.
# There is NO WARRANTY, to the extent permitted by law.

# Make data base, printed on Sun Jun 19 14:44:18 2022

# Variables

# environment
FZF_DEFAULT_OPTS = --height 40% --layout=reverse --border
# environment
REMOTE_CONTAINERS_SOCKETS = ["/tmp/vscode-ssh-auth-036acda32edec7a0c6f3b268356fb7796d823c1b.sock","/root/.gnupg/S.gpg-agent"]
# environment
GO111MODULE = on
# makefile (from 'Makefile', line 163)
KUSTOMIZE_VERSION = v3.8.7
# environment
LC_ALL = C
# environment
BASE_VERSION = v0.13.0-2022-05-17T14:50:50Z-a4c2e89
# environment
POSH_THEME = /root/.config/dotfiles/oh-my-posh/themes/tron-cloud-native.omp.json
# environment
OMP_CUSTOM = /root/.config/dotfiles/oh-my-posh/
# makefile (from 'Makefile', line 25)
BUNDLE_METADATA_OPTS = $(BUNDLE_CHANNELS) $(BUNDLE_DEFAULT_CHANNEL)
# environment
VSCODE_CWD = /vscode/vscode-server/bin/alpine-arm64/30d9c6cd9483b2cc586687151bcbcd635f373630
# default
MAKE_COMMAND := make
# environment
VSCODE_HANDLES_SIGPIPE = true
# makefile (from 'Makefile', line 39)
BUNDLE_GEN_FLAGS = -q --overwrite --version $(VERSION) $(BUNDLE_METADATA_OPTS)
# environment
GOPATH = /root/src/go
# automatic
@D = $(patsubst %/,%,$(dir $@))
# environment
DOCKER_BUILDKIT = 1
# environment
VSCODE_HANDLES_UNCAUGHT_ERRORS = true
# default
.VARIABLES := 
# environment
PWD = /workspaces/urlshortener-controller
# automatic
%D = $(patsubst %/,%,$(dir $%))
# environment
HOSTNAME = c64798b95eb4
# environment
PS1 = %m:%~%# 
# environment
LSCOLORS = Gxfxcxdxbxegedabagacad
# environment
OLDPWD = /vscode/vscode-server/bin/alpine-arm64/30d9c6cd9483b2cc586687151bcbcd635f373630
# automatic
^D = $(patsubst %/,%,$(dir $^))
# environment
VSCODE_LOG_STACK = false
# automatic
%F = $(notdir $%)
# environment
CONDA_PROMPT_MODIFIER = false
# makefile (from 'Makefile', line 36)
BUNDLE_IMG = $(IMAGE_TAG_BASE)-bundle:v$(VERSION)
# environment
LANG = C
# default
.LOADED := 
# default
.INCLUDE_DIRS = /usr/include /usr/include
# makefile
MAKEFLAGS = pqrR
# makefile (from 'Makefile', line 166)
KUSTOMIZE_INSTALL_SCRIPT = "https://raw.githubusercontent.com/kubernetes-sigs/kustomize/master/hack/install_kustomize.sh"
# makefile
CURDIR := /workspaces/urlshortener-controller
# environment
VSCODE_PIPE_LOGGING = true
# environment
APPLICATION_INSIGHTS_NO_DIAGNOSTIC_CHANNEL = true
# environment
POWERLINE_COMMAND = oh-my-posh
# automatic
*D = $(patsubst %/,%,$(dir $*))
# makefile (from 'Makefile', line 6)
VERSION = 0.0.1
# environment
MFLAGS = -pqrR
# environment
SSH_AUTH_SOCK = /tmp/vscode-ssh-auth-036acda32edec7a0c6f3b268356fb7796d823c1b.sock
# makefile (from 'Makefile', line 65)
.SHELLFLAGS = -ec
# automatic
+D = $(patsubst %/,%,$(dir $+))
# makefile (from 'Makefile', line 1)
MAKEFILE_LIST := Makefile
# automatic
@F = $(notdir $@)
# environment
ZSH = /root/.oh-my-zsh
# environment
LC_COLLATE = C
# environment
VSCODE_VERBOSE_LOGGING = true
# automatic
?D = $(patsubst %/,%,$(dir $?))
# makefile (from 'Makefile', line 32)
IMAGE_TAG_BASE = av0.de/urlshortener-controller
# automatic
*F = $(notdir $*)
# makefile (from 'Makefile', line 219)
CATALOG_IMG = $(IMAGE_TAG_BASE)-catalog:v$(VERSION)
# makefile (from 'Makefile', line 130)
ignore-not-found = false
# automatic
<D = $(patsubst %/,%,$(dir $<))
# makefile (from 'Makefile', line 159)
CONTROLLER_GEN = $(LOCALBIN)/controller-gen
# environment
VSCODE_NLS_CONFIG = {"locale":"en","availableLanguages":{}}
# default
MAKE_HOST := aarch64-alpine-linux-musl
# environment
ZSH_CUSTOM = /root/.config/dotfiles/oh-my-zsh/custom
# makefile (from 'Makefile', line 64)
SHELL = /usr/bin/env bash -o pipefail
# default
MAKECMDGOALS := all
# environment
SHLVL = 3
# environment
MAKELEVEL := 0
# default
MAKE = $(MAKE_COMMAND)
# environment
PATH = /vscode/vscode-server/bin/alpine-arm64/30d9c6cd9483b2cc586687151bcbcd635f373630/bin/remote-cli:/root/.config/fzf/bin:/usr/local/bin:/usr/local/go/bin:/go/bin:/usr/local/sbin:/usr/sbin:/usr/bin:/sbin:/bin:
# makefile (from 'Makefile', line 158)
KUSTOMIZE = $(LOCALBIN)/kustomize
# default
MAKEFILES := 
# automatic
^F = $(notdir $^)
# makefile (from 'Makefile', line 52)
ENVTEST_K8S_VERSION = 1.24.1
# makefile (from 'Makefile', line 216)
BUNDLE_IMGS = $(BUNDLE_IMG)
# makefile (from 'Makefile', line 56)
GOBIN = $(shell go env GOPATH)/bin
# environment
NVIM_LISTEN_ADDRESS = /tmp/nvimsocket
# makefile (from 'Makefile', line 164)
CONTROLLER_TOOLS_VERSION = v0.9.0
# environment
TZ = 
# environment
XDG_CONFIG_HOME = /root/.config
# environment
VSCODE_LOG_NATIVE = false
# environment
REMOTE_CONTAINERS_IPC = /tmp/vscode-remote-containers-ipc-036acda32edec7a0c6f3b268356fb7796d823c1b.sock
# environment
REMOTE_CONTAINERS = true
# automatic
?F = $(notdir $?)
# makefile (from 'Makefile', line 50)
IMG = controller:latest
# automatic
+F = $(notdir $+)
# environment
LESS = -R
# 'override' directive
GNUMAKEFLAGS := 
# environment
BROWSER = /vscode/vscode-server/bin/alpine-arm64/30d9c6cd9483b2cc586687151bcbcd635f373630/bin/helpers/browser.sh
# environment
LOGNAME = root
# makefile
.DEFAULT_GOAL := all
# environment
EDITOR = nvim
# default
MAKE_VERSION := 4.3
# 'override' directive
.SHELLSTATUS := 1
# makefile (from 'Makefile', line 198)
OPM = ./bin/opm
# environment
VSCODE_EXTHOST_WILL_SEND_SOCKET = true
# environment
CGO_ENABLED = 0
# environment
CHARSET = UTF-8
# environment
PAGER = less
# environment
VSCODE_AGENT_FOLDER = /root/.vscode-server
# environment
_ = /bin/cat
# environment
LC_CTYPE = en_US.UTF-8
# environment
VSCODE_IPC_HOOK_CLI = /tmp/vscode-ipc-c12fc8e7-8a53-4144-903b-b35dba73f966.sock
# environment
GOMODCACHE = /go/pkg/mod
# environment
VSCODE_AMD_ENTRYPOINT = vs/workbench/api/node/extensionHostProcess
# environment
HOME = /root
# environment
COMPOSE_DOCKER_CLI_BUILD = 1
# makefile (from 'Makefile', line 160)
ENVTEST = $(LOCALBIN)/setup-envtest
# environment
TERM = xterm
# environment
GOPROXY = https://proxy.golang.org,direct
# default
.RECIPEPREFIX := 
# automatic
<F = $(notdir $<)
# default
SUFFIXES := 
# makefile (from 'Makefile', line 153)
LOCALBIN = $(shell pwd)/bin
# default
.FEATURES := target-specific order-only second-expansion else-if shortest-stem undefine oneshell nocomment grouped-target extra-prereqs archives jobserver output-sync check-symlink load
# environment
MY_PATH = :/root/.config/fzf/bin:/usr/local/bin:/usr/local/go/bin
# makefile (from 'Makefile', line 44)
USE_IMAGE_DIGESTS = false
# variable set hash-table stats:
# Load=112/1024=11%, Rehash=0, Collisions=14/235=6%

# Pattern-specific Variable Values

# No pattern-specific variable values.

# Directories

# . (device 63, inode 10462740): 19 files, no impossibilities.

# 19 files, no impossibilities in 1 directories.

# Implicit Rules

# No implicit rules.

# Files

deploy: manifests kustomize
#  Phony target (prerequisite of .PHONY).
#  Implicit rule search has not been done.
#  File does not exist.
#  File has not been updated.
#  recipe to execute (from 'Makefile', line 143):
	cd config/manager && $(KUSTOMIZE) edit set image controller=${IMG}
	$(KUSTOMIZE) build config/default | kubectl apply -f -

/workspaces/urlshortener-controller/bin:
#  Implicit rule search has not been done.
#  Last modified 2022-06-19 14:43:09.327634929
#  File has been updated.
#  Successfully updated.
#  recipe to execute (from 'Makefile', line 155):
	mkdir -p $(LOCALBIN)

catalog-build: opm
#  Phony target (prerequisite of .PHONY).
#  Implicit rule search has not been done.
#  File does not exist.
#  File has not been updated.
#  recipe to execute (from 'Makefile', line 231):
	$(OPM) index add --container-tool docker --mode semver --tag $(CATALOG_IMG) --bundles $(BUNDLE_IMGS) $(FROM_INDEX_OPT)

opm:
#  Phony target (prerequisite of .PHONY).
#  Implicit rule search has not been done.
#  File does not exist.
#  File has not been updated.
#  recipe to execute (from 'Makefile', line 202):
	@{ \
	set -e ;\
	mkdir -p $(dir $(OPM)) ;\
	OS=$(shell go env GOOS) && ARCH=$(shell go env GOARCH) && \
	curl -sSLo $(OPM) https://github.com/operator-framework/operator-registry/releases/download/v1.23.0/$${OS}-$${ARCH}-opm ;\
	chmod +x $(OPM) ;\
	}

generate: controller-gen
#  Phony target (prerequisite of .PHONY).
#  Implicit rule search has not been done.
#  File does not exist.
#  File has been updated.
#  Needs to be updated (-q is set).
# variable set hash-table stats:
# Load=0/32=0%, Rehash=0, Collisions=0/8=0%
#  recipe to execute (from 'Makefile', line 95):
	$(CONTROLLER_GEN) object:headerFile="hack/boilerplate.go.txt" paths="./..."

bundle: manifests kustomize
#  Phony target (prerequisite of .PHONY).
#  Implicit rule search has not been done.
#  File does not exist.
#  File has not been updated.
#  recipe to execute (from 'Makefile', line 184):
	operator-sdk generate kustomize manifests -q
	cd config/manager && $(KUSTOMIZE) edit set image controller=$(IMG)
	$(KUSTOMIZE) build config/manifests | operator-sdk generate bundle $(BUNDLE_GEN_FLAGS)
	operator-sdk bundle validate ./bundle

undeploy:
#  Phony target (prerequisite of .PHONY).
#  Implicit rule search has not been done.
#  File does not exist.
#  File has not been updated.
#  recipe to execute (from 'Makefile', line 148):
	$(KUSTOMIZE) build config/default | kubectl delete --ignore-not-found=$(ignore-not-found) -f -

# Not a target:
Makefile:
#  Implicit rule search has been done.
#  Last modified 2022-06-19 14:42:14.697787479
#  File has been updated.
#  Successfully updated.

kustomize: /workspaces/urlshortener-controller/bin/kustomize
#  Phony target (prerequisite of .PHONY).
#  Implicit rule search has not been done.
#  File does not exist.
#  File has not been updated.

uninstall: manifests kustomize
#  Phony target (prerequisite of .PHONY).
#  Implicit rule search has not been done.
#  File does not exist.
#  File has not been updated.
#  recipe to execute (from 'Makefile', line 139):
	$(KUSTOMIZE) build config/crd | kubectl delete --ignore-not-found=$(ignore-not-found) -f -

# 'override' directive
/workspaces/urlshortener-controller/bin/controller-gen: .SHELLSTATUS := 0
/workspaces/urlshortener-controller/bin/controller-gen: /workspaces/urlshortener-controller/bin
#  Implicit rule search has not been done.
#  Implicit/static pattern stem: ''
#  Last modified 2022-06-19 14:43:09.327344093
#  File has been updated.
#  Needs to be updated (-q is set).
# automatic
# @ := /workspaces/urlshortener-controller/bin/controller-gen
# automatic
# * := 
# automatic
# < := /workspaces/urlshortener-controller/bin
# automatic
# + := /workspaces/urlshortener-controller/bin
# automatic
# % := 
# automatic
# ^ := /workspaces/urlshortener-controller/bin
# automatic
# ? := /workspaces/urlshortener-controller/bin
# automatic
# | := 
# variable set hash-table stats:
# Load=9/32=28%, Rehash=0, Collisions=2/17=12%
#  recipe to execute (from 'Makefile', line 175):
	GOBIN=$(LOCALBIN) go install sigs.k8s.io/controller-tools/cmd/controller-gen@$(CONTROLLER_TOOLS_VERSION)

envtest: /workspaces/urlshortener-controller/bin/setup-envtest
#  Phony target (prerequisite of .PHONY).
#  Implicit rule search has not been done.
#  File does not exist.
#  File has not been updated.

controller-gen: /workspaces/urlshortener-controller/bin/controller-gen
#  Phony target (prerequisite of .PHONY).
#  Implicit rule search has not been done.
#  File does not exist.
#  File has been updated.
#  Needs to be updated (-q is set).
# variable set hash-table stats:
# Load=0/32=0%, Rehash=0, Collisions=0/8=0%

bundle-build:
#  Phony target (prerequisite of .PHONY).
#  Implicit rule search has not been done.
#  File does not exist.
#  File has not been updated.
#  recipe to execute (from 'Makefile', line 191):
	docker build -f bundle.Dockerfile -t $(BUNDLE_IMG) .

fmt:
#  Phony target (prerequisite of .PHONY).
#  Implicit rule search has not been done.
#  File does not exist.
#  File has not been updated.
#  recipe to execute (from 'Makefile', line 99):
	go fmt ./...

bundle-push:
#  Phony target (prerequisite of .PHONY).
#  Implicit rule search has not been done.
#  File does not exist.
#  File has not been updated.
#  recipe to execute (from 'Makefile', line 195):
	$(MAKE) docker-push IMG=$(BUNDLE_IMG)

manifests: controller-gen
#  Phony target (prerequisite of .PHONY).
#  Implicit rule search has not been done.
#  File does not exist.
#  File has not been updated.
#  recipe to execute (from 'Makefile', line 91):
	$(CONTROLLER_GEN) rbac:roleName=manager-role crd webhook paths="./..." output:crd:artifacts:config=config/crd/bases

# Not a target:
.DEFAULT:
#  Implicit rule search has not been done.
#  Modification time never checked.
#  File has not been updated.

/workspaces/urlshortener-controller/bin/kustomize: /workspaces/urlshortener-controller/bin
#  Implicit rule search has not been done.
#  Modification time never checked.
#  File has not been updated.
#  recipe to execute (from 'Makefile', line 170):
	curl -s $(KUSTOMIZE_INSTALL_SCRIPT) | bash -s -- $(subst v,,$(KUSTOMIZE_VERSION)) $(LOCALBIN)

all: build
#  Phony target (prerequisite of .PHONY).
#  Command line target.
#  Implicit rule search has not been done.
#  File does not exist.
#  File has been updated.
#  Needs to be updated (-q is set).
# variable set hash-table stats:
# Load=0/32=0%, Rehash=0, Collisions=0/8=0%

run: manifests generate fmt vet
#  Phony target (prerequisite of .PHONY).
#  Implicit rule search has not been done.
#  File does not exist.
#  File has not been updated.
#  recipe to execute (from 'Makefile', line 117):
	go run ./main.go

help:
#  Phony target (prerequisite of .PHONY).
#  Implicit rule search has not been done.
#  File does not exist.
#  File has not been updated.
#  recipe to execute (from 'Makefile', line 85):
	@awk 'BEGIN {FS = ":.*##"; printf "\nUsage:\n  make \033[36m<target>\033[0m\n"} /^[a-zA-Z_0-9-]+:.*?##/ { printf "  \033[36m%-15s\033[0m %s\n", $$1, $$2 } /^##@/ { printf "\n\033[1m%s\033[0m\n", substr($$0, 5) } ' $(MAKEFILE_LIST)

vet:
#  Phony target (prerequisite of .PHONY).
#  Implicit rule search has not been done.
#  File does not exist.
#  File has not been updated.
#  recipe to execute (from 'Makefile', line 103):
	go vet ./...

build: generate fmt vet
#  Phony target (prerequisite of .PHONY).
#  Implicit rule search has not been done.
#  File does not exist.
#  File has been updated.
#  Needs to be updated (-q is set).
# variable set hash-table stats:
# Load=0/32=0%, Rehash=0, Collisions=0/8=0%
#  recipe to execute (from 'Makefile', line 113):
	go build -o bin/manager main.go

test: manifests generate fmt vet envtest
#  Phony target (prerequisite of .PHONY).
#  Implicit rule search has not been done.
#  File does not exist.
#  File has not been updated.
#  recipe to execute (from 'Makefile', line 107):
	KUBEBUILDER_ASSETS="$(shell $(ENVTEST) use $(ENVTEST_K8S_VERSION) -p path)" go test ./... -coverprofile cover.out

docker-push:
#  Phony target (prerequisite of .PHONY).
#  Implicit rule search has not been done.
#  File does not exist.
#  File has not been updated.
#  recipe to execute (from 'Makefile', line 125):
	docker push ${IMG}

install: manifests kustomize
#  Phony target (prerequisite of .PHONY).
#  Implicit rule search has not been done.
#  File does not exist.
#  File has not been updated.
#  recipe to execute (from 'Makefile', line 135):
	$(KUSTOMIZE) build config/crd | kubectl apply -f -

docker-build: test
#  Phony target (prerequisite of .PHONY).
#  Implicit rule search has not been done.
#  File does not exist.
#  File has not been updated.
#  recipe to execute (from 'Makefile', line 121):
	docker build -t ${IMG} .

catalog-push:
#  Phony target (prerequisite of .PHONY).
#  Implicit rule search has not been done.
#  File does not exist.
#  File has not been updated.
#  recipe to execute (from 'Makefile', line 236):
	$(MAKE) docker-push IMG=$(CATALOG_IMG)

/workspaces/urlshortener-controller/bin/setup-envtest: /workspaces/urlshortener-controller/bin
#  Implicit rule search has not been done.
#  Modification time never checked.
#  File has not been updated.
#  recipe to execute (from 'Makefile', line 180):
	GOBIN=$(LOCALBIN) go install sigs.k8s.io/controller-runtime/tools/setup-envtest@latest

# Not a target:
.SUFFIXES:
#  Implicit rule search has not been done.
#  Modification time never checked.
#  File has not been updated.

.PHONY: all help manifests generate fmt vet test build run docker-build docker-push install uninstall deploy undeploy kustomize controller-gen envtest bundle bundle-build bundle-push opm catalog-build catalog-push
#  Implicit rule search has not been done.
#  Modification time never checked.
#  File has not been updated.

# files hash-table stats:
# Load=32/1024=3%, Rehash=0, Collisions=0/148=0%
# VPATH Search Paths

# No 'vpath' search paths.

# No general ('VPATH' variable) search path.

# strcache buffers: 1 (0) / strings = 51 / storage = 596 B / avg = 11 B
# current buf: size = 8162 B / used = 596 B / count = 51 / avg = 11 B

# strcache performance: lookups = 187 / hit rate = 72%
# hash-table stats:
# Load=51/8192=1%, Rehash=0, Collisions=0/187=0%
# Finished Make data base on Sun Jun 19 14:44:18 2022

 
